#
# A fatal error has been detected by the Java Runtime Environment:
#
#  EXCEPTION_ACCESS_VIOLATION (0xc0000005) at pc=0x00007ffd1ec22cbc, pid=14364, tid=8552
#
# JRE version: OpenJDK Runtime Environment (16.0.2+7) (build 16.0.2+7-67)
# Java VM: OpenJDK 64-Bit Server VM (16.0.2+7-67, mixed mode, sharing, tiered, compressed oops, compressed class ptrs, g1 gc, windows-amd64)
# Problematic frame:
# C  0x00007ffd1ec22cbc
#
# No core dump will be written. Minidumps are not enabled by default on client versions of Windows
#
# If you would like to submit a bug report, please visit:
#   https://bugreport.java.com/bugreport/crash.jsp
# The crash happened outside the Java Virtual Machine in native code.
# See problematic frame for where to report the bug.
#

---------------  S U M M A R Y ------------

Command Line: --add-modules=javafx.controls,javafx.fxml,javafx.media --module-path=C:\Users\reini\.gradle\caches\modules-2\files-2.1\org.openjfx\javafx-media\17.0.2\5c6c84557bcd0016b5784d2b0cd8ae769e63d4ed\javafx-media-17.0.2-win.jar;C:\Users\reini\.gradle\caches\modules-2\files-2.1\org.openjfx\javafx-fxml\17.0.2\5079f88d5345e988222c90a345ad682b7aaccad3\javafx-fxml-17.0.2-win.jar;C:\Users\reini\.gradle\caches\modules-2\files-2.1\org.openjfx\javafx-controls\17.0.2\707f290bacde2738c0a7e1d0b4a8193002c29cf7\javafx-controls-17.0.2-win.jar;C:\Users\reini\.gradle\caches\modules-2\files-2.1\org.openjfx\javafx-graphics\17.0.2\6f95886c8fed3e1b21370a199c3937846ef6b3cc\javafx-graphics-17.0.2-win.jar;C:\Users\reini\.gradle\caches\modules-2\files-2.1\org.openjfx\javafx-base\17.0.2\1bd6dc88b180a6239a5067320c2f0d7f3526e1d2\javafx-base-17.0.2-win.jar -agentlib:jdwp=transport=dt_socket,server=n,suspend=y,address=127.0.0.1:56938 -Dfile.encoding=windows-1252 -Duser.country=US -Duser.language=en -Duser.variant client.Main

Host: AMD Ryzen 5 3600 6-Core Processor              , 12 cores, 15G,  Windows 10 , 64 bit Build 19041 (10.0.19041.1503)
Time: Wed Mar  9 22:15:21 2022 W. Europe Standard Time elapsed time: 66.312570 seconds (0d 0h 1m 6s)

---------------  T H R E A D  ---------------

Current thread (0x0000021e4c6937a0):  JavaThread "JDWP Transport Listener: dt_socket" daemon [_thread_in_native, id=8552, stack(0x000000502b300000,0x000000502b400000)]

Stack: [0x000000502b300000,0x000000502b400000],  sp=0x000000502b3ff0d0,  free space=1020k
Native frames: (J=compiled Java code, j=interpreted, Vv=VM code, C=native code)
C  0x00007ffd1ec22cbc


siginfo: EXCEPTION_ACCESS_VIOLATION (0xc0000005), writing address 0x0000000000000000


Register to memory mapping:

RIP=0x00007ffd1ec22cbc points into unknown readable memory: 00 00 00 48
RAX=0x0 is NULL
RBX=